app/build/outputs/logs/manifest-merger-debug-report.txt
-- Merging decision tree log ---
manifest
ADDED from src\main\AndroidManifest.xml:2:1-61:12
INJECTED from src\main\AndroidManifest.xml:2:1-61:12
INJECTED from src\main\AndroidManifest.xml:2:1-61:12
INJECTED from src\main\AndroidManifest.xml:2:1-61:12
MERGED from [com.android.support:appcompat-v7:28.0.0-alpha3] AndroidManifest.xml:17:1-22:12
MERGED from [com.android.support.constraint:constraint-layout:1.1.2] AndroidManifest.xml:2:1-11:12
MERGED from [com.android.support:support-fragment:28.0.0-alpha3] AndroidManifest.xml:17:1-22:12
MERGED from [com.android.support:animated-vector-drawable:28.0.0-alpha3] AndroidManifest.xml:17:1-22:12
MERGED from [com.android.support:support-core-ui:28.0.0-alpha3] AndroidManifest.xml:17:1-22:12
MERGED from [com.android.support:support-core-utils:28.0.0-alpha3] AndroidManifest.xml:17:1-22:12
MERGED from [com.android.support:support-vector-drawable:28.0.0-alpha3] AndroidManifest.xml:17:1-22:12
MERGED from [com.android.support:loader:28.0.0-alpha3] AndroidManifest.xml:17:1-22:12
MERGED from [com.android.support:viewpager:28.0.0-alpha3] AndroidManifest.xml:17:1-22:12
MERGED from [com.android.support:coordinatorlayout:28.0.0-alpha3] AndroidManifest.xml:17:1-22:12
MERGED from [com.android.support:drawerlayout:28.0.0-alpha3] AndroidManifest.xml:17:1-22:12
MERGED from [com.android.support:slidingpanelayout:28.0.0-alpha3] AndroidManifest.xml:17:1-22:12
MERGED from [com.android.support:customview:28.0.0-alpha3] AndroidManifest.xml:17:1-22:12
MERGED from [com.android.support:swiperefreshlayout:28.0.0-alpha3] AndroidManifest.xml:17:1-22:12
MERGED from [com.android.support:asynclayoutinflater:28.0.0-alpha3] AndroidManifest.xml:17:1-22:12
MERGED from [com.android.support:support-compat:28.0.0-alpha3] AndroidManifest.xml:17:1-24:12
MERGED from [com.android.support:cursoradapter:28.0.0-alpha3] AndroidManifest.xml:17:1-22:12
MERGED from [android.arch.lifecycle:runtime:1.1.1] AndroidManifest.xml:17:1-22:12
MERGED from [com.android.support:versionedparcelable:28.0.0-alpha3] AndroidManifest.xml:17:1-25:12
MERGED from [com.android.support:documentfile:28.0.0-alpha3] AndroidManifest.xml:17:1-22:12
MERGED from [com.android.support:localbroadcastmanager:28.0.0-alpha3] AndroidManifest.xml:17:1-22:12
MERGED from [com.android.support:print:28.0.0-alpha3] AndroidManifest.xml:17:1-22:12
MERGED from [android.arch.lifecycle:viewmodel:1.1.1] AndroidManifest.xml:17:1-22:12
MERGED from [android.arch.lifecycle:livedata-core:1.1.1] AndroidManifest.xml:17:1-22:12
MERGED from [android.arch.core:runtime:1.1.1] AndroidManifest.xml:17:1-22:12
MERGED from [com.android.support:interpolator:28.0.0-alpha3] AndroidManifest.xml:17:1-22:12
INJECTED from src\main\AndroidManifest.xml:2:1-61:12
INJECTED from src\main\AndroidManifest.xml:2:1-61:12
INJECTED from src\main\AndroidManifest.xml:2:1-61:12
	package
		ADDED from src\main\AndroidManifest.xml:3:5-54
		INJECTED from src\main\AndroidManifest.xml
		INJECTED from src\main\AndroidManifest.xml
	android:versionName
		INJECTED from src\main\AndroidManifest.xml
		ADDED from src\main\AndroidManifest.xml:2:1-61:12
		INJECTED from src\main\AndroidManifest.xml
	android:versionCode
		INJECTED from src\main\AndroidManifest.xml
		ADDED from src\main\AndroidManifest.xml:2:1-61:12
		INJECTED from src\main\AndroidManifest.xml
	xmlns:android
		ADDED from src\main\AndroidManifest.xml:2:11-69
uses-permission#android.permission.READ_SMS
ADDED from src\main\AndroidManifest.xml:5:5-67
	android:name
		ADDED from src\main\AndroidManifest.xml:5:22-64
uses-permission#android.permission.RECEIVE_SMS
ADDED from src\main\AndroidManifest.xml:6:5-70
	android:name
		ADDED from src\main\AndroidManifest.xml:6:22-67
application
ADDED from src\main\AndroidManifest.xml:8:5-59:19
MERGED from [com.android.support.constraint:constraint-layout:1.1.2] AndroidManifest.xml:9:5-20
MERGED from [com.android.support.constraint:constraint-layout:1.1.2] AndroidManifest.xml:9:5-20
MERGED from [com.android.support:support-compat:28.0.0-alpha3] AndroidManifest.xml:22:5-94
MERGED from [com.android.support:support-compat:28.0.0-alpha3] AndroidManifest.xml:22:5-94
MERGED from [com.android.support:versionedparcelable:28.0.0-alpha3] AndroidManifest.xml:22:5-23:19
MERGED from [com.android.support:versionedparcelable:28.0.0-alpha3] AndroidManifest.xml:22:5-23:19
	android:appComponentFactory
		ADDED from [com.android.support:support-compat:28.0.0-alpha3] AndroidManifest.xml:22:18-91
	android:supportsRtl
		ADDED from src\main\AndroidManifest.xml:13:9-35
	android:label
		ADDED from src\main\AndroidManifest.xml:11:9-41
	android:roundIcon
		ADDED from src\main\AndroidManifest.xml:12:9-54
	android:icon
		ADDED from src\main\AndroidManifest.xml:10:9-43
	android:allowBackup
		ADDED from src\main\AndroidManifest.xml:9:9-35
	android:theme
		ADDED from src\main\AndroidManifest.xml:14:9-40
activity#in.codingninjas.envision.expensemanager.MainActivity
ADDED from src\main\AndroidManifest.xml:15:9-21:20
	android:name
		ADDED from src\main\AndroidManifest.xml:15:19-47
intent-filter#action:name:android.intent.action.MAIN+category:name:android.intent.category.LAUNCHER
ADDED from src\main\AndroidManifest.xml:16:13-20:29
action#android.intent.action.MAIN
ADDED from src\main\AndroidManifest.xml:17:17-69
	android:name
		ADDED from src\main\AndroidManifest.xml:17:25-66
category#android.intent.category.LAUNCHER
ADDED from src\main\AndroidManifest.xml:19:17-77
	android:name
		ADDED from src\main\AndroidManifest.xml:19:27-74
activity#in.codingninjas.envision.expensemanager.ShowDetailsActivity
ADDED from src\main\AndroidManifest.xml:22:9-57
	android:name
		ADDED from src\main\AndroidManifest.xml:22:19-54
activity#in.codingninjas.envision.expensemanager.EditExpenseActivity
ADDED from src\main\AndroidManifest.xml:23:9-31:20
	android:name
		ADDED from src\main\AndroidManifest.xml:23:19-54
intent-filter#action:name:android.intent.action.SEND+category:name:android.intent.category.DEFAULT+data:mimeType:text/plain
ADDED from src\main\AndroidManifest.xml:24:13-30:29
action#android.intent.action.SEND
ADDED from src\main\AndroidManifest.xml:25:17-69
	android:name
		ADDED from src\main\AndroidManifest.xml:25:25-66
data
ADDED from src\main\AndroidManifest.xml:27:17-55
	android:mimeType
		ADDED from src\main\AndroidManifest.xml:27:23-52
category#android.intent.category.DEFAULT
ADDED from src\main\AndroidManifest.xml:29:17-76
	android:name
		ADDED from src\main\AndroidManifest.xml:29:27-73
activity#in.codingninjas.envision.expensemanager.SettingsActivity
ADDED from src\main\AndroidManifest.xml:32:9-54
	android:name
		ADDED from src\main\AndroidManifest.xml:32:19-51
receiver#in.codingninjas.envision.expensemanager.Receivers.SMSReceiver
ADDED from src\main\AndroidManifest.xml:34:9-41:20
	android:enabled
		ADDED from src\main\AndroidManifest.xml:36:13-35
	android:exported
		ADDED from src\main\AndroidManifest.xml:37:13-36
	android:name
		ADDED from src\main\AndroidManifest.xml:35:13-50
intent-filter#action:name:android.provider.Telephony.SMS_RECEIVED
ADDED from src\main\AndroidManifest.xml:38:13-40:29
action#android.provider.Telephony.SMS_RECEIVED
ADDED from src\main\AndroidManifest.xml:39:17-82
	android:name
		ADDED from src\main\AndroidManifest.xml:39:25-79
receiver#in.codingninjas.envision.expensemanager.Receivers.AlarmReceiver
ADDED from src\main\AndroidManifest.xml:43:9-47:20
	android:enabled
		ADDED from src\main\AndroidManifest.xml:45:13-35
	android:exported
		ADDED from src\main\AndroidManifest.xml:46:13-36
	android:name
		ADDED from src\main\AndroidManifest.xml:44:13-52
receiver#in.codingninjas.envision.expensemanager.Receivers.BootCompletedReceiver
ADDED from src\main\AndroidManifest.xml:49:9-56:20
	android:enabled
		ADDED from src\main\AndroidManifest.xml:51:13-35
	android:exported
		ADDED from src\main\AndroidManifest.xml:52:13-36
	android:name
		ADDED from src\main\AndroidManifest.xml:50:13-60
intent-filter#action:name:android.intent.action.BOOT_COMPLETED
ADDED from src\main\AndroidManifest.xml:53:13-55:29
action#android.intent.action.BOOT_COMPLETED
ADDED from src\main\AndroidManifest.xml:54:17-79
	android:name
		ADDED from src\main\AndroidManifest.xml:54:25-76
uses-sdk
INJECTED from src\main\AndroidManifest.xml reason: use-sdk injection requested
INJECTED from src\main\AndroidManifest.xml
INJECTED from src\main\AndroidManifest.xml
MERGED from [com.android.support:appcompat-v7:28.0.0-alpha3] AndroidManifest.xml:20:5-44
MERGED from [com.android.support:appcompat-v7:28.0.0-alpha3] AndroidManifest.xml:20:5-44
MERGED from [com.android.support.constraint:constraint-layout:1.1.2] AndroidManifest.xml:5:5-7:41
MERGED from [com.android.support.constraint:constraint-layout:1.1.2] AndroidManifest.xml:5:5-7:41
MERGED from [com.android.support:support-fragment:28.0.0-alpha3] AndroidManifest.xml:20:5-44
MERGED from [com.android.support:support-fragment:28.0.0-alpha3] AndroidManifest.xml:20:5-44
MERGED from [com.android.support:animated-vector-drawable:28.0.0-alpha3] AndroidManifest.xml:20:5-44
MERGED from [com.android.support:animated-vector-drawable:28.0.0-alpha3] AndroidManifest.xml:20:5-44
MERGED from [com.android.support:support-core-ui:28.0.0-alpha3] AndroidManifest.xml:20:5-44
MERGED from [com.android.support:support-core-ui:28.0.0-alpha3] AndroidManifest.xml:20:5-44
MERGED from [com.android.support:support-core-utils:28.0.0-alpha3] AndroidManifest.xml:20:5-44
MERGED from [com.android.support:support-core-utils:28.0.0-alpha3] AndroidManifest.xml:20:5-44
MERGED from [com.android.support:support-vector-drawable:28.0.0-alpha3] AndroidManifest.xml:20:5-44
MERGED from [com.android.support:support-vector-drawable:28.0.0-alpha3] AndroidManifest.xml:20:5-44
MERGED from [com.android.support:loader:28.0.0-alpha3] AndroidManifest.xml:20:5-44
MERGED from [com.android.support:loader:28.0.0-alpha3] AndroidManifest.xml:20:5-44
MERGED from [com.android.support:viewpager:28.0.0-alpha3] AndroidManifest.xml:20:5-44
MERGED from [com.android.support:viewpager:28.0.0-alpha3] AndroidManifest.xml:20:5-44
MERGED from [com.android.support:coordinatorlayout:28.0.0-alpha3] AndroidManifest.xml:20:5-44
MERGED from [com.android.support:coordinatorlayout:28.0.0-alpha3] AndroidManifest.xml:20:5-44
MERGED from [com.android.support:drawerlayout:28.0.0-alpha3] AndroidManifest.xml:20:5-44
MERGED from [com.android.support:drawerlayout:28.0.0-alpha3] AndroidManifest.xml:20:5-44
MERGED from [com.android.support:slidingpanelayout:28.0.0-alpha3] AndroidManifest.xml:20:5-44
MERGED from [com.android.support:slidingpanelayout:28.0.0-alpha3] AndroidManifest.xml:20:5-44
MERGED from [com.android.support:customview:28.0.0-alpha3] AndroidManifest.xml:20:5-44
MERGED from [com.android.support:customview:28.0.0-alpha3] AndroidManifest.xml:20:5-44
MERGED from [com.android.support:swiperefreshlayout:28.0.0-alpha3] AndroidManifest.xml:20:5-44
MERGED from [com.android.support:swiperefreshlayout:28.0.0-alpha3] AndroidManifest.xml:20:5-44
MERGED from [com.android.support:asynclayoutinflater:28.0.0-alpha3] AndroidManifest.xml:20:5-44
MERGED from [com.android.support:asynclayoutinflater:28.0.0-alpha3] AndroidManifest.xml:20:5-44
MERGED from [com.android.support:support-compat:28.0.0-alpha3] AndroidManifest.xml:20:5-44
MERGED from [com.android.support:support-compat:28.0.0-alpha3] AndroidManifest.xml:20:5-44
MERGED from [com.android.support:cursoradapter:28.0.0-alpha3] AndroidManifest.xml:20:5-44
MERGED from [com.android.support:cursoradapter:28.0.0-alpha3] AndroidManifest.xml:20:5-44
MERGED from [android.arch.lifecycle:runtime:1.1.1] AndroidManifest.xml:20:5-44
MERGED from [android.arch.lifecycle:runtime:1.1.1] AndroidManifest.xml:20:5-44
MERGED from [com.android.support:versionedparcelable:28.0.0-alpha3] AndroidManifest.xml:20:5-44
MERGED from [com.android.support:versionedparcelable:28.0.0-alpha3] AndroidManifest.xml:20:5-44
MERGED from [com.android.support:documentfile:28.0.0-alpha3] AndroidManifest.xml:20:5-44
MERGED from [com.android.support:documentfile:28.0.0-alpha3] AndroidManifest.xml:20:5-44
MERGED from [com.android.support:localbroadcastmanager:28.0.0-alpha3] AndroidManifest.xml:20:5-44
MERGED from [com.android.support:localbroadcastmanager:28.0.0-alpha3] AndroidManifest.xml:20:5-44
MERGED from [com.android.support:print:28.0.0-alpha3] AndroidManifest.xml:20:5-44
MERGED from [com.android.support:print:28.0.0-alpha3] AndroidManifest.xml:20:5-44
MERGED from [android.arch.lifecycle:viewmodel:1.1.1] AndroidManifest.xml:20:5-44
MERGED from [android.arch.lifecycle:viewmodel:1.1.1] AndroidManifest.xml:20:5-44
MERGED from [android.arch.lifecycle:livedata-core:1.1.1] AndroidManifest.xml:20:5-44
MERGED from [android.arch.lifecycle:livedata-core:1.1.1] AndroidManifest.xml:20:5-44
MERGED from [android.arch.core:runtime:1.1.1] AndroidManifest.xml:20:5-44
MERGED from [android.arch.core:runtime:1.1.1] AndroidManifest.xml:20:5-44
MERGED from [com.android.support:interpolator:28.0.0-alpha3] AndroidManifest.xml:20:5-44
MERGED from [com.android.support:interpolator:28.0.0-alpha3] AndroidManifest.xml:20:5-44
INJECTED from src\main\AndroidManifest.xml
INJECTED from src\main\AndroidManifest.xml
	android:targetSdkVersion
		INJECTED from src\main\AndroidManifest.xml
		ADDED from src\main\AndroidManifest.xml
		INJECTED from src\main\AndroidManifest.xml
	android:minSdkVersion
		INJECTED from src\main\AndroidManifest.xml
		ADDED from src\main\AndroidManifest.xml
		INJECTED from src\main\AndroidManifest.xml